<?xml version="1.0" encoding="UTF-8"?>
<coverage generated="1774536694926" clover="3.2.0">
  <project timestamp="1774536694926" name="All files">
    <metrics statements="38" coveredstatements="38" conditionals="19" coveredconditionals="19" methods="14" coveredmethods="14" elements="71" coveredelements="71" complexity="0" loc="38" ncloc="38" packages="1" files="1" classes="1"/>
    <file name="index.js" path="/Users/jonathanferreira/development/repos/work/wdk-pricing-coingecko-http/index.js">
      <metrics statements="38" coveredstatements="38" conditionals="19" coveredconditionals="19" methods="14" coveredmethods="14"/>
      <line num="31" count="2" type="stmt"/>
      <line num="58" count="31" type="stmt"/>
      <line num="67" count="31" type="stmt"/>
      <line num="69" count="31" type="stmt"/>
      <line num="70" count="31" type="cond" truecount="2" falsecount="0"/>
      <line num="73" count="2" type="cond" truecount="2" falsecount="0"/>
      <line num="74" count="2" type="cond" truecount="2" falsecount="0"/>
      <line num="78" count="31" type="stmt"/>
      <line num="83" count="31" type="stmt"/>
      <line num="87" count="41" type="stmt"/>
      <line num="88" count="41" type="cond" truecount="2" falsecount="0"/>
      <line num="89" count="40" type="stmt"/>
      <line num="98" count="7" type="stmt"/>
      <line num="99" count="6" type="stmt"/>
      <line num="100" count="6" type="stmt"/>
      <line num="103" count="6" type="stmt"/>
      <line num="107" count="15" type="stmt"/>
      <line num="108" count="15" type="stmt"/>
      <line num="110" count="10" type="stmt"/>
      <line num="124" count="6" type="stmt"/>
      <line num="125" count="10" type="stmt"/>
      <line num="133" count="4" type="stmt"/>
      <line num="135" count="4" type="stmt"/>
      <line num="136" count="5" type="stmt"/>
      <line num="137" count="5" type="stmt"/>
      <line num="138" count="5" type="stmt"/>
      <line num="139" count="5" type="stmt"/>
      <line num="140" count="5" type="stmt"/>
      <line num="142" count="5" type="stmt"/>
      <line num="157" count="7" type="cond" truecount="4" falsecount="0"/>
      <line num="158" count="3" type="stmt"/>
      <line num="161" count="4" type="stmt"/>
      <line num="162" count="4" type="stmt"/>
      <line num="164" count="4" type="stmt"/>
      <line num="172" count="353" type="stmt"/>
      <line num="177" count="4" type="stmt"/>
      <line num="182" count="6" type="cond" truecount="2" falsecount="0"/>
      <line num="183" count="350" type="stmt"/>
    </file>
  </project>
</coverage>
