{"/Users/jonathanferreira/development/repos/work/wdk-pricing-coingecko-http/index.js": {"path":"/Users/jonathanferreira/development/repos/work/wdk-pricing-coingecko-http/index.js","statementMap":{"0":{"start":{"line":31,"column":25},"end":{"line":54,"column":1}},"1":{"start":{"line":58,"column":27},"end":{"line":58,"column":30}},"2":{"start":{"line":67,"column":4},"end":{"line":67,"column":11}},"3":{"start":{"line":69,"column":20},"end":{"line":69,"column":22}},"4":{"start":{"line":70,"column":4},"end":{"line":75,"column":5}},"5":{"start":{"line":73,"column":20},"end":{"line":73,"column":82}},"6":{"start":{"line":74,"column":6},"end":{"line":74,"column":77}},"7":{"start":{"line":78,"column":4},"end":{"line":81,"column":6}},"8":{"start":{"line":83,"column":4},"end":{"line":83,"column":59}},"9":{"start":{"line":87,"column":15},"end":{"line":87,"column":49}},"10":{"start":{"line":88,"column":4},"end":{"line":88,"column":57}},"11":{"start":{"line":88,"column":13},"end":{"line":88,"column":57}},"12":{"start":{"line":89,"column":4},"end":{"line":89,"column":13}},"13":{"start":{"line":98,"column":15},"end":{"line":98,"column":33}},"14":{"start":{"line":99,"column":15},"end":{"line":99,"column":31}},"15":{"start":{"line":100,"column":21},"end":{"line":102,"column":6}},"16":{"start":{"line":103,"column":4},"end":{"line":103,"column":32}},"17":{"start":{"line":107,"column":16},"end":{"line":107,"column":67}},"18":{"start":{"line":107,"column":44},"end":{"line":107,"column":64}},"19":{"start":{"line":108,"column":23},"end":{"line":108,"column":72}},"20":{"start":{"line":108,"column":51},"end":{"line":108,"column":69}},"21":{"start":{"line":110,"column":4},"end":{"line":116,"column":6}},"22":{"start":{"line":124,"column":21},"end":{"line":124,"column":50}},"23":{"start":{"line":125,"column":4},"end":{"line":125,"column":83}},"24":{"start":{"line":125,"column":27},"end":{"line":125,"column":82}},"25":{"start":{"line":133,"column":21},"end":{"line":133,"column":81}},"26":{"start":{"line":135,"column":4},"end":{"line":147,"column":6}},"27":{"start":{"line":136,"column":17},"end":{"line":136,"column":35}},"28":{"start":{"line":137,"column":19},"end":{"line":137,"column":54}},"29":{"start":{"line":138,"column":24},"end":{"line":138,"column":32}},"30":{"start":{"line":139,"column":24},"end":{"line":139,"column":48}},"31":{"start":{"line":140,"column":34},"end":{"line":140,"column":49}},"32":{"start":{"line":142,"column":6},"end":{"line":146,"column":7}},"33":{"start":{"line":157,"column":4},"end":{"line":159,"column":5}},"34":{"start":{"line":158,"column":6},"end":{"line":158,"column":62}},"35":{"start":{"line":161,"column":15},"end":{"line":161,"column":33}},"36":{"start":{"line":162,"column":15},"end":{"line":162,"column":31}},"37":{"start":{"line":164,"column":21},"end":{"line":170,"column":6}},"38":{"start":{"line":172,"column":20},"end":{"line":175,"column":7}},"39":{"start":{"line":172,"column":57},"end":{"line":175,"column":5}},"40":{"start":{"line":177,"column":4},"end":{"line":177,"column":44}},"41":{"start":{"line":182,"column":4},"end":{"line":182,"column":69}},"42":{"start":{"line":182,"column":55},"end":{"line":182,"column":69}},"43":{"start":{"line":183,"column":4},"end":{"line":183,"column":74}},"44":{"start":{"line":183,"column":61},"end":{"line":183,"column":72}}},"fnMap":{"0":{"name":"(anonymous_0)","decl":{"start":{"line":66,"column":2},"end":{"line":66,"column":3}},"loc":{"start":{"line":66,"column":26},"end":{"line":84,"column":3}},"line":66},"1":{"name":"(anonymous_1)","decl":{"start":{"line":86,"column":2},"end":{"line":86,"column":3}},"loc":{"start":{"line":86,"column":19},"end":{"line":90,"column":3}},"line":86},"2":{"name":"(anonymous_2)","decl":{"start":{"line":97,"column":2},"end":{"line":97,"column":3}},"loc":{"start":{"line":97,"column":35},"end":{"line":104,"column":3}},"line":97},"3":{"name":"(anonymous_3)","decl":{"start":{"line":106,"column":2},"end":{"line":106,"column":3}},"loc":{"start":{"line":106,"column":40},"end":{"line":117,"column":3}},"line":106},"4":{"name":"(anonymous_4)","decl":{"start":{"line":107,"column":37},"end":{"line":107,"column":38}},"loc":{"start":{"line":107,"column":44},"end":{"line":107,"column":64}},"line":107},"5":{"name":"(anonymous_5)","decl":{"start":{"line":108,"column":44},"end":{"line":108,"column":45}},"loc":{"start":{"line":108,"column":51},"end":{"line":108,"column":69}},"line":108},"6":{"name":"(anonymous_6)","decl":{"start":{"line":123,"column":2},"end":{"line":123,"column":3}},"loc":{"start":{"line":123,"column":37},"end":{"line":126,"column":3}},"line":123},"7":{"name":"(anonymous_7)","decl":{"start":{"line":125,"column":20},"end":{"line":125,"column":21}},"loc":{"start":{"line":125,"column":27},"end":{"line":125,"column":82}},"line":125},"8":{"name":"(anonymous_8)","decl":{"start":{"line":132,"column":2},"end":{"line":132,"column":3}},"loc":{"start":{"line":132,"column":33},"end":{"line":148,"column":3}},"line":132},"9":{"name":"(anonymous_9)","decl":{"start":{"line":135,"column":20},"end":{"line":135,"column":21}},"loc":{"start":{"line":135,"column":27},"end":{"line":147,"column":5}},"line":135},"10":{"name":"(anonymous_10)","decl":{"start":{"line":156,"column":2},"end":{"line":156,"column":3}},"loc":{"start":{"line":156,"column":49},"end":{"line":178,"column":3}},"line":156},"11":{"name":"(anonymous_11)","decl":{"start":{"line":172,"column":45},"end":{"line":172,"column":46}},"loc":{"start":{"line":172,"column":57},"end":{"line":175,"column":5}},"line":172},"12":{"name":"(anonymous_12)","decl":{"start":{"line":181,"column":2},"end":{"line":181,"column":3}},"loc":{"start":{"line":181,"column":32},"end":{"line":184,"column":3}},"line":181},"13":{"name":"(anonymous_13)","decl":{"start":{"line":183,"column":51},"end":{"line":183,"column":52}},"loc":{"start":{"line":183,"column":61},"end":{"line":183,"column":72}},"line":183}},"branchMap":{"0":{"loc":{"start":{"line":66,"column":15},"end":{"line":66,"column":24}},"type":"default-arg","locations":[{"start":{"line":66,"column":22},"end":{"line":66,"column":24}}],"line":66},"1":{"loc":{"start":{"line":70,"column":4},"end":{"line":75,"column":5}},"type":"if","locations":[{"start":{"line":70,"column":4},"end":{"line":75,"column":5}},{"start":{},"end":{}}],"line":70},"2":{"loc":{"start":{"line":73,"column":20},"end":{"line":73,"column":82}},"type":"binary-expr","locations":[{"start":{"line":73,"column":20},"end":{"line":73,"column":32}},{"start":{"line":73,"column":36},"end":{"line":73,"column":82}}],"line":73},"3":{"loc":{"start":{"line":74,"column":14},"end":{"line":74,"column":62}},"type":"cond-expr","locations":[{"start":{"line":74,"column":22},"end":{"line":74,"column":40}},{"start":{"line":74,"column":43},"end":{"line":74,"column":62}}],"line":74},"4":{"loc":{"start":{"line":79,"column":15},"end":{"line":79,"column":65}},"type":"binary-expr","locations":[{"start":{"line":79,"column":15},"end":{"line":79,"column":27}},{"start":{"line":79,"column":31},"end":{"line":79,"column":65}}],"line":79},"5":{"loc":{"start":{"line":88,"column":4},"end":{"line":88,"column":57}},"type":"if","locations":[{"start":{"line":88,"column":4},"end":{"line":88,"column":57}},{"start":{},"end":{}}],"line":88},"6":{"loc":{"start":{"line":106,"column":22},"end":{"line":106,"column":38}},"type":"default-arg","locations":[{"start":{"line":106,"column":36},"end":{"line":106,"column":38}}],"line":106},"7":{"loc":{"start":{"line":156,"column":38},"end":{"line":156,"column":47}},"type":"default-arg","locations":[{"start":{"line":156,"column":45},"end":{"line":156,"column":47}}],"line":156},"8":{"loc":{"start":{"line":157,"column":4},"end":{"line":159,"column":5}},"type":"if","locations":[{"start":{"line":157,"column":4},"end":{"line":159,"column":5}},{"start":{},"end":{}}],"line":157},"9":{"loc":{"start":{"line":157,"column":8},"end":{"line":157,"column":32}},"type":"binary-expr","locations":[{"start":{"line":157,"column":8},"end":{"line":157,"column":19}},{"start":{"line":157,"column":23},"end":{"line":157,"column":32}}],"line":157},"10":{"loc":{"start":{"line":182,"column":4},"end":{"line":182,"column":69}},"type":"if","locations":[{"start":{"line":182,"column":4},"end":{"line":182,"column":69}},{"start":{},"end":{}}],"line":182}},"s":{"0":2,"1":31,"2":31,"3":31,"4":31,"5":2,"6":2,"7":31,"8":31,"9":41,"10":41,"11":1,"12":40,"13":7,"14":6,"15":6,"16":6,"17":10,"18":15,"19":10,"20":15,"21":10,"22":6,"23":6,"24":10,"25":4,"26":4,"27":5,"28":5,"29":5,"30":5,"31":5,"32":5,"33":7,"34":3,"35":4,"36":4,"37":4,"38":4,"39":353,"40":4,"41":6,"42":4,"43":2,"44":350},"f":{"0":31,"1":41,"2":7,"3":10,"4":15,"5":15,"6":6,"7":10,"8":4,"9":5,"10":7,"11":353,"12":6,"13":350},"b":{"0":[26],"1":[2,29],"2":[2,1],"3":[1,1],"4":[31,30],"5":[1,40],"6":[6],"7":[1],"8":[3,4],"9":[7,5],"10":[4,2]},"_coverageSchema":"1a1c01bbd47fc00a2c39e90264f33305004495a9","hash":"188b1f0aa6c063d929a8abebadeb5403accddc64"}
}
