TN:
SF:index.js
FN:66,(anonymous_0)
FN:86,(anonymous_1)
FN:97,(anonymous_2)
FN:106,(anonymous_3)
FN:107,(anonymous_4)
FN:108,(anonymous_5)
FN:123,(anonymous_6)
FN:125,(anonymous_7)
FN:132,(anonymous_8)
FN:135,(anonymous_9)
FN:156,(anonymous_10)
FN:172,(anonymous_11)
FN:181,(anonymous_12)
FN:183,(anonymous_13)
FNF:14
FNH:14
FNDA:31,(anonymous_0)
FNDA:41,(anonymous_1)
FNDA:7,(anonymous_2)
FNDA:10,(anonymous_3)
FNDA:15,(anonymous_4)
FNDA:15,(anonymous_5)
FNDA:6,(anonymous_6)
FNDA:10,(anonymous_7)
FNDA:4,(anonymous_8)
FNDA:5,(anonymous_9)
FNDA:7,(anonymous_10)
FNDA:353,(anonymous_11)
FNDA:6,(anonymous_12)
FNDA:350,(anonymous_13)
DA:31,2
DA:58,31
DA:67,31
DA:69,31
DA:70,31
DA:73,2
DA:74,2
DA:78,31
DA:83,31
DA:87,41
DA:88,41
DA:89,40
DA:98,7
DA:99,6
DA:100,6
DA:103,6
DA:107,15
DA:108,15
DA:110,10
DA:124,6
DA:125,10
DA:133,4
DA:135,4
DA:136,5
DA:137,5
DA:138,5
DA:139,5
DA:140,5
DA:142,5
DA:157,7
DA:158,3
DA:161,4
DA:162,4
DA:164,4
DA:172,353
DA:177,4
DA:182,6
DA:183,350
LF:38
LH:38
BRDA:66,0,0,26
BRDA:70,1,0,2
BRDA:70,1,1,29
BRDA:73,2,0,2
BRDA:73,2,1,1
BRDA:74,3,0,1
BRDA:74,3,1,1
BRDA:79,4,0,31
BRDA:79,4,1,30
BRDA:88,5,0,1
BRDA:88,5,1,40
BRDA:106,6,0,6
BRDA:156,7,0,1
BRDA:157,8,0,3
BRDA:157,8,1,4
BRDA:157,9,0,7
BRDA:157,9,1,5
BRDA:182,10,0,4
BRDA:182,10,1,2
BRF:19
BRH:19
end_of_record
